Using pre-set license
Built from '2020.3/staging' branch; Version is '2020.3.13f1 (71691879b7f5) revision 7432472'; Using compiler version '192528614'; Build Type 'Release'
OS: 'Windows 10 Home Single Language; OS build 19042.1083; Version 2009; 64bit' Language: 'en' Physical Memory: 3970 MB
BatchMode: 1, IsHumanControllingUs: 0, StartBugReporterOnCrash: 0, Is64bit: 1, IsPro: 0

 COMMAND LINE ARGUMENTS:
C:\Program Files\Unity\Hub\Editor\2020.3.13f1\Editor\Unity.exe
-adb2
-batchMode
-noUpm
-name
AssetImportWorker10
-projectPath
D:/Ade Akbar/kul/zorld/augmented_reality/Botanical  MR
-logFile
Logs/AssetImportWorker10.log
-srvPort
1119
Successfully changed project path to: D:/Ade Akbar/kul/zorld/augmented_reality/Botanical  MR
D:/Ade Akbar/kul/zorld/augmented_reality/Botanical  MR
Using Asset Import Pipeline V2.
Refreshing native plugins compatible for Editor in 65.91 ms, found 4 plugins.
Preloading 1 native plugins for Editor in 2.24 ms.
Initialize engine version: 2020.3.13f1 (71691879b7f5)
[Subsystems] Discovering subsystems at path C:/Program Files/Unity/Hub/Editor/2020.3.13f1/Editor/Data/Resources/UnitySubsystems
[Subsystems] Discovering subsystems at path D:/Ade Akbar/kul/zorld/augmented_reality/Botanical  MR/Assets
GfxDevice: creating device client; threaded=0
Direct3D:
    Version:  Direct3D 11.0 [level 11.0]
    Renderer: NVIDIA GeForce 920MX (ID=0x134f)
    Vendor:   
    VRAM:     2010 MB
    Driver:   25.21.14.1735
Shader 'PointClouds/PointSplat': fallback shader 'PointClouds/PointSplatLegacy' not found
Initialize mono
Mono path[0] = 'C:/Program Files/Unity/Hub/Editor/2020.3.13f1/Editor/Data/Managed'
Mono path[1] = 'C:/Program Files/Unity/Hub/Editor/2020.3.13f1/Editor/Data/MonoBleedingEdge/lib/mono/unityjit'
Mono config path = 'C:/Program Files/Unity/Hub/Editor/2020.3.13f1/Editor/Data/MonoBleedingEdge/etc'
Using monoOptions --debugger-agent=transport=dt_socket,embedding=1,server=y,suspend=n,address=127.0.0.1:56964
Begin MonoManager ReloadAssembly
Registering precompiled unity dll's ...
Register platform support module: C:/Program Files/Unity/Hub/Editor/2020.3.13f1/Editor/Data/PlaybackEngines/WebGLSupport/UnityEditor.WebGL.Extensions.dll
Register platform support module: C:/Program Files/Unity/Hub/Editor/2020.3.13f1/Editor/Data/PlaybackEngines/WindowsStandaloneSupport/UnityEditor.WindowsStandalone.Extensions.dll
Registered in 0.015641 seconds.
Native extension for WindowsStandalone target not found
Native extension for WebGL target not found
Refreshing native plugins compatible for Editor in 76.92 ms, found 4 plugins.
Preloading 1 native plugins for Editor in 0.11 ms.
Mono: successfully reloaded assembly
- Completed reload, in  7.167 seconds
Platform modules already initialized, skipping
Registering precompiled user dll's ...
Registered in 0.094244 seconds.
Begin MonoManager ReloadAssembly
Native extension for WindowsStandalone target not found
Native extension for WebGL target not found
Refreshing native plugins compatible for Editor in 0.83 ms, found 4 plugins.
Preloading 1 native plugins for Editor in 0.08 ms.
System.NullReferenceException: Object reference not set to an instance of an object
  at Vuforia.EditorClasses.ExtensionTypeProvider.GetVuforiaPackageAbsPath () [0x0004a] in <f93bc12ce1034617aac9a18135b94276>:0 
  at Vuforia.EditorClasses.ExtensionTypeProvider.IsPackageManager () [0x00000] in <f93bc12ce1034617aac9a18135b94276>:0 
  at Vuforia.EditorClasses.ExtensionTypeProvider.ResolvePluginType () [0x00009] in <f93bc12ce1034617aac9a18135b94276>:0 
  at Vuforia.EditorClasses.ExtensionTypeProvider.GetPluginType () [0x0000c] in <f93bc12ce1034617aac9a18135b94276>:0 
  at Vuforia.EditorClasses.VuforiaUtilities.IsVuforiaEnabledInPlayerSettings () [0x00000] in <f93bc12ce1034617aac9a18135b94276>:0 
  at VuforiaEnabledObserver..cctor () [0x00000] in <f93bc12ce1034617aac9a18135b94276>:0 
UnityEngine.StackTraceUtility:ExtractStackTrace ()
UnityEngine.DebugLogHandler:LogFormat (UnityEngine.LogType,UnityEngine.Object,string,object[])
UnityEngine.Logger:Log (UnityEngine.LogType,object)
UnityEngine.Debug:LogError (object)
UnityEditor.EditorAssemblies:ProcessInitializeOnLoadAttributes (System.Type[])

System.NullReferenceException: Object reference not set to an instance of an object
  at Vuforia.EditorClasses.ExtensionTypeProvider.GetVuforiaPackageAbsPath () [0x0004a] in <f93bc12ce1034617aac9a18135b94276>:0 
  at Vuforia.EditorClasses.ExtensionTypeProvider.IsPackageManager () [0x00000] in <f93bc12ce1034617aac9a18135b94276>:0 
  at Vuforia.EditorClasses.ExtensionTypeProvider.ResolvePluginType () [0x00009] in <f93bc12ce1034617aac9a18135b94276>:0 
  at Vuforia.EditorClasses.ExtensionTypeProvider.GetPluginType () [0x0000c] in <f93bc12ce1034617aac9a18135b94276>:0 
  at Vuforia.EditorClasses.VuforiaUtilities.IsVuforiaEnabledInPlayerSettings () [0x00000] in <f93bc12ce1034617aac9a18135b94276>:0 
  at Vuforia.EditorClasses.InitializeOnLoadVuforiaTaskRunner..cctor () [0x00015] in <f93bc12ce1034617aac9a18135b94276>:0 
UnityEngine.StackTraceUtility:ExtractStackTrace ()
UnityEngine.DebugLogHandler:LogFormat (UnityEngine.LogType,UnityEngine.Object,string,object[])
UnityEngine.Logger:Log (UnityEngine.LogType,object)
UnityEngine.Debug:LogError (object)
UnityEditor.EditorAssemblies:ProcessInitializeOnLoadAttributes (System.Type[])

Mono: successfully reloaded assembly
- Completed reload, in  9.648 seconds
Platform modules already initialized, skipping
========================================================================
Worker process is ready to serve import requests
Shader 'PointClouds/PointSplat': fallback shader 'PointClouds/PointSplatLegacy' not found
Launched and connected shader compiler UnityShaderCompiler.exe after 3.15 seconds
Refreshing native plugins compatible for Editor in 0.74 ms, found 4 plugins.
Preloading 1 native plugins for Editor in 0.07 ms.
Unloading 1332 Unused Serialized files (Serialized files now loaded: 0)
System memory in use before: 64.8 MB.
System memory in use after: 64.8 MB.

Unloading 46 unused Assets to reduce memory usage. Loaded Objects now: 2026.
Total: 3.930900 ms (FindLiveObjects: 0.259100 ms CreateObjectMapping: 0.077700 ms MarkObjects: 3.469100 ms  DeleteObjects: 0.122900 ms)

AssetImportParameters requested are different than current active one (requested -> active):
  custom:framework-win-MediaFoundation: 216162199b28c13a410421893ffa2e32 -> 
  custom:video-decoder-ogg-theora: a1e56fd34408186e4bbccfd4996cb3dc -> 
  custom:container-muxer-webm: aa71ff27fc2769a1b78a27578f13a17b -> 
  custom:container-demuxer-webm: 4f35f7cbe854078d1ac9338744f61a02 -> 
  custom:container-demuxer-ogg: 62fdf1f143b41e24485cea50d1cbac27 -> 
  custom:video-encoder-webm-vp8: eb34c28f22e8b96e1ab97ce403110664 -> 
  custom:video-codec-MediaFoundation-h265: 746d11721c4dcdbdad8f713fa42b33f4 -> 
  custom:video-decoder-webm-vp8: 9c59270c3fd7afecdb556c50c9e8de78 -> 
  custom:audio-decoder-ogg-vorbis: bf7c407c2cedff20999df2af8eb42d56 -> 
  custom:audio-encoder-webm-vorbis: bf7c407c2cedff20999df2af8eb42d56 -> 
========================================================================
Received Import Request.
  path: Assets/Script/InfoKlikV2.cs
  artifactKey: Guid(c96f2fc032a1ecb4baac2798bcb116d2) Importer(815301076,1909f56bfc062723c751e8b465ee728b)
Start importing Assets/Script/InfoKlikV2.cs using Guid(c96f2fc032a1ecb4baac2798bcb116d2) Importer(815301076,1909f56bfc062723c751e8b465ee728b)  -> (artifact id: 'ea510396fcbe53244c3b7c48ac432252') in 18.009320 seconds 
  Import took 19.264019 seconds .

========================================================================
Received Import Request.
  Time since last request: 13524.514166 seconds.
  path: Packages/com.ptc.vuforia.engine/Vuforia/Scripts/VuforiaScripts.asmdef
  artifactKey: Guid(4aa734a563557450591d3fe58a62a120) Importer(815301076,1909f56bfc062723c751e8b465ee728b)
Start importing Packages/com.ptc.vuforia.engine/Vuforia/Scripts/VuforiaScripts.asmdef using Guid(4aa734a563557450591d3fe58a62a120) Importer(815301076,1909f56bfc062723c751e8b465ee728b)  -> (artifact id: 'd201b7ea16be6ea274d93893e04ff6c4') in 2.792079 seconds 
  Import took 3.780668 seconds .

========================================================================
Received Import Request.
  Time since last request: 1.287529 seconds.
  path: Packages/com.ptc.vuforia.engine/Vuforia/Scripts/VuforiaScripts.asmdef
  artifactKey: Guid(4aa734a563557450591d3fe58a62a120) Importer(815301076,1909f56bfc062723c751e8b465ee728b)
Start importing Packages/com.ptc.vuforia.engine/Vuforia/Scripts/VuforiaScripts.asmdef using Guid(4aa734a563557450591d3fe58a62a120) Importer(815301076,1909f56bfc062723c751e8b465ee728b)  -> (artifact id: 'd201b7ea16be6ea274d93893e04ff6c4') in 0.038728 seconds 
  Import took 0.135597 seconds .

========================================================================
Received Import Request.
  Time since last request: 0.000659 seconds.
  path: Packages/com.ptc.vuforia.engine/Vuforia/Scripts/DefaultTrackableEventHandler.cs
  artifactKey: Guid(5a917f0af64a6423093132dab321c15f) Importer(815301076,1909f56bfc062723c751e8b465ee728b)
Start importing Packages/com.ptc.vuforia.engine/Vuforia/Scripts/DefaultTrackableEventHandler.cs using Guid(5a917f0af64a6423093132dab321c15f) Importer(815301076,1909f56bfc062723c751e8b465ee728b)  -> (artifact id: '1cc96b2a6f53abc6ec532f3460c934a3') in 0.170023 seconds 
  Import took 0.249448 seconds .

========================================================================
Received Import Request.
  Time since last request: 0.348266 seconds.
  path: Packages/com.ptc.vuforia.engine/Vuforia/Scripts/DefaultTrackableEventHandler.cs
  artifactKey: Guid(5a917f0af64a6423093132dab321c15f) Importer(815301076,1909f56bfc062723c751e8b465ee728b)
Start importing Packages/com.ptc.vuforia.engine/Vuforia/Scripts/DefaultTrackableEventHandler.cs using Guid(5a917f0af64a6423093132dab321c15f) Importer(815301076,1909f56bfc062723c751e8b465ee728b)  -> (artifact id: '1cc96b2a6f53abc6ec532f3460c934a3') in 0.009787 seconds 
  Import took 0.020687 seconds .

========================================================================
Received Import Request.
  Time since last request: 3917.558309 seconds.
  path: Assets/Marker_Anggrek.jpg
  artifactKey: Guid(d65e262435ad82c458e628040e3a2c9a) Importer(815301076,1909f56bfc062723c751e8b465ee728b)
Start importing Assets/Marker_Anggrek.jpg using Guid(d65e262435ad82c458e628040e3a2c9a) Importer(815301076,1909f56bfc062723c751e8b465ee728b)  -> (artifact id: '45f9ebcac1a39cf405707ca80f182541') in 12.402085 seconds 
  Import took 13.773146 seconds .

========================================================================
Received Import Request.
  Time since last request: 0.131404 seconds.
  path: Assets/Marker_Celandine.jpg
  artifactKey: Guid(dba2e273edc57ca4a983b9eb0da155fb) Importer(815301076,1909f56bfc062723c751e8b465ee728b)
Start importing Assets/Marker_Celandine.jpg using Guid(dba2e273edc57ca4a983b9eb0da155fb) Importer(815301076,1909f56bfc062723c751e8b465ee728b)  -> (artifact id: '64f34a6e2051c20c7a1a6cb67a800a93') in 0.842819 seconds 
  Import took 0.860623 seconds .

========================================================================
Received Import Request.
  Time since last request: 80.238555 seconds.
  path: Assets/Info.prefab
  artifactKey: Guid(5c7378b82b8e8df42a1ffbdb223dbff6) Importer(815301076,1909f56bfc062723c751e8b465ee728b)
Start importing Assets/Info.prefab using Guid(5c7378b82b8e8df42a1ffbdb223dbff6) Importer(815301076,1909f56bfc062723c751e8b465ee728b)  -> (artifact id: '0b96594aa29ddb63b6b7522c1e453074') in 3.707572 seconds 
  Import took 3.777280 seconds .

